{"F:\\0-PROJETOS\\vortx\\backend\\ormconfig.ts": {"path":"F:\\0-PROJETOS\\vortx\\backend\\ormconfig.ts","statementMap":{"0":{"start":{"line":1,"column":0},"end":{"line":1,"column":27}},"1":{"start":{"line":4,"column":0},"end":{"line":15,"column":null}}},"fnMap":{},"branchMap":{"0":{"loc":{"start":{"line":6,"column":11},"end":{"line":6,"column":68}},"type":"binary-expr","locations":[{"start":{"line":6,"column":11},"end":{"line":6,"column":34}},{"start":{"line":6,"column":38},"end":{"line":6,"column":68}}]}},"s":{"0":2,"1":2},"f":{},"b":{"0":[2,0]}}
,"F:\\0-PROJETOS\\vortx\\backend\\src\\api\\models\\planosModels.ts": {"path":"F:\\0-PROJETOS\\vortx\\backend\\src\\api\\models\\planosModels.ts","statementMap":{"0":{"start":{"line":1,"column":0},"end":{"line":1,"column":100}},"1":{"start":{"line":2,"column":0},"end":{"line":2,"column":83}},"2":{"start":{"line":5,"column":0},"end":{"line":5,"column":13}},"3":{"start":{"line":7,"column":1},"end":{"line":7,"column":null}},"4":{"start":{"line":12,"column":1},"end":{"line":12,"column":null}},"5":{"start":{"line":17,"column":1},"end":{"line":17,"column":null}},"6":{"start":{"line":21,"column":1},"end":{"line":21,"column":null}},"7":{"start":{"line":24,"column":1},"end":{"line":24,"column":null}},"8":{"start":{"line":27,"column":1},"end":{"line":27,"column":null}},"9":{"start":{"line":5,"column":13},"end":{"line":28,"column":null}},"10":{"start":{"line":28,"column":0},"end":{"line":28,"column":null}},"11":{"start":{"line":5,"column":13},"end":{"line":5,"column":24}}},"fnMap":{"0":{"name":"(anonymous_2)","decl":{"start":{"line":5,"column":0},"end":{"line":5,"column":13}},"loc":{"start":{"line":5,"column":0},"end":{"line":5,"column":13}}}},"branchMap":{},"s":{"0":2,"1":2,"2":2,"3":2,"4":2,"5":2,"6":2,"7":2,"8":2,"9":2,"10":2,"11":2},"f":{"0":4},"b":{}}
,"F:\\0-PROJETOS\\vortx\\backend\\src\\api\\models\\tarifasModels.ts": {"path":"F:\\0-PROJETOS\\vortx\\backend\\src\\api\\models\\tarifasModels.ts","statementMap":{"0":{"start":{"line":1,"column":0},"end":{"line":1,"column":100}},"1":{"start":{"line":2,"column":0},"end":{"line":2,"column":71}},"2":{"start":{"line":5,"column":0},"end":{"line":5,"column":13}},"3":{"start":{"line":7,"column":1},"end":{"line":7,"column":null}},"4":{"start":{"line":12,"column":1},"end":{"line":12,"column":null}},"5":{"start":{"line":17,"column":1},"end":{"line":17,"column":null}},"6":{"start":{"line":22,"column":1},"end":{"line":22,"column":null}},"7":{"start":{"line":26,"column":1},"end":{"line":26,"column":null}},"8":{"start":{"line":29,"column":1},"end":{"line":29,"column":null}},"9":{"start":{"line":32,"column":1},"end":{"line":32,"column":null}},"10":{"start":{"line":5,"column":13},"end":{"line":33,"column":null}},"11":{"start":{"line":33,"column":0},"end":{"line":33,"column":null}},"12":{"start":{"line":5,"column":13},"end":{"line":5,"column":25}}},"fnMap":{"0":{"name":"(anonymous_2)","decl":{"start":{"line":5,"column":0},"end":{"line":5,"column":13}},"loc":{"start":{"line":5,"column":0},"end":{"line":5,"column":13}}}},"branchMap":{},"s":{"0":2,"1":2,"2":2,"3":2,"4":2,"5":2,"6":2,"7":2,"8":2,"9":2,"10":2,"11":2,"12":2},"f":{"0":4},"b":{}}
,"F:\\0-PROJETOS\\vortx\\backend\\src\\database\\index.ts": {"path":"F:\\0-PROJETOS\\vortx\\backend\\src\\database\\index.ts","statementMap":{"0":{"start":{"line":1,"column":0},"end":{"line":1,"column":69}},"1":{"start":{"line":3,"column":0},"end":{"line":3,"column":null}},"2":{"start":{"line":4,"column":8},"end":{"line":4,"column":null}},"3":{"start":{"line":5,"column":14},"end":{"line":18,"column":null}},"4":{"start":{"line":6,"column":2},"end":{"line":12,"column":null}},"5":{"start":{"line":11,"column":4},"end":{"line":11,"column":null}},"6":{"start":{"line":13,"column":10},"end":{"line":13,"column":22}},"7":{"start":{"line":14,"column":2},"end":{"line":17,"column":null}},"8":{"start":{"line":20,"column":14},"end":{"line":29,"column":null}},"9":{"start":{"line":21,"column":9},"end":{"line":28,"column":null}},"10":{"start":{"line":24,"column":4},"end":{"line":24,"column":null}},"11":{"start":{"line":27,"column":4},"end":{"line":27,"column":null}},"12":{"start":{"line":21,"column":2},"end":{"line":28,"column":null}},"13":{"start":{"line":31,"column":14},"end":{"line":38,"column":null}},"14":{"start":{"line":32,"column":9},"end":{"line":37,"column":null}},"15":{"start":{"line":36,"column":4},"end":{"line":36,"column":null}},"16":{"start":{"line":32,"column":2},"end":{"line":37,"column":null}},"17":{"start":{"line":40,"column":14},"end":{"line":48,"column":null}},"18":{"start":{"line":41,"column":8},"end":{"line":41,"column":null}},"19":{"start":{"line":43,"column":31},"end":{"line":43,"column":null}},"20":{"start":{"line":43,"column":23},"end":{"line":43,"column":null}},"21":{"start":{"line":43,"column":13},"end":{"line":43,"column":23}},"22":{"start":{"line":44,"column":22},"end":{"line":44,"column":null}},"23":{"start":{"line":44,"column":9},"end":{"line":44,"column":null}},"24":{"start":{"line":46,"column":3},"end":{"line":46,"column":null}},"25":{"start":{"line":50,"column":8},"end":{"line":52,"column":null}},"26":{"start":{"line":51,"column":2},"end":{"line":51,"column":null}},"27":{"start":{"line":53,"column":0},"end":{"line":53,"column":null}},"28":{"start":{"line":55,"column":0},"end":{"line":55,"column":null}}},"fnMap":{"0":{"name":"(anonymous_13)","decl":{"start":{"line":3,"column":0},"end":{"line":3,"column":null}},"loc":{"start":{"line":3,"column":0},"end":{"line":53,"column":null}}},"1":{"name":"(anonymous_15)","decl":{"start":{"line":5,"column":1},"end":{"line":5,"column":14}},"loc":{"start":{"line":5,"column":1},"end":{"line":18,"column":null}}},"2":{"name":"(anonymous_18)","decl":{"start":{"line":7,"column":9},"end":{"line":7,"column":null}},"loc":{"start":{"line":7,"column":9},"end":{"line":9,"column":4}}},"3":{"name":"(anonymous_19)","decl":{"start":{"line":10,"column":10},"end":{"line":10,"column":11}},"loc":{"start":{"line":10,"column":16},"end":{"line":12,"column":4}}},"4":{"name":"(anonymous_20)","decl":{"start":{"line":20,"column":1},"end":{"line":20,"column":14}},"loc":{"start":{"line":20,"column":1},"end":{"line":29,"column":null}}},"5":{"name":"(anonymous_23)","decl":{"start":{"line":23,"column":9},"end":{"line":23,"column":null}},"loc":{"start":{"line":23,"column":9},"end":{"line":25,"column":4}}},"6":{"name":"(anonymous_24)","decl":{"start":{"line":26,"column":10},"end":{"line":26,"column":null}},"loc":{"start":{"line":26,"column":10},"end":{"line":28,"column":4}}},"7":{"name":"(anonymous_25)","decl":{"start":{"line":31,"column":1},"end":{"line":31,"column":14}},"loc":{"start":{"line":31,"column":1},"end":{"line":38,"column":null}}},"8":{"name":"(anonymous_28)","decl":{"start":{"line":35,"column":10},"end":{"line":35,"column":11}},"loc":{"start":{"line":35,"column":16},"end":{"line":37,"column":4}}},"9":{"name":"(anonymous_29)","decl":{"start":{"line":40,"column":1},"end":{"line":40,"column":14}},"loc":{"start":{"line":40,"column":1},"end":{"line":48,"column":null}}},"10":{"name":"(anonymous_32)","decl":{"start":{"line":50,"column":1},"end":{"line":50,"column":8}},"loc":{"start":{"line":50,"column":1},"end":{"line":52,"column":2}}}},"branchMap":{"0":{"loc":{"start":{"line":4,"column":14},"end":{"line":4,"column":40}},"type":"binary-expr","locations":[{"start":{"line":4,"column":14},"end":{"line":4,"column":34}},{"start":{"line":4,"column":38},"end":{"line":4,"column":40}}]},"1":{"loc":{"start":{"line":6,"column":2},"end":{"line":12,"column":null}},"type":"switch","locations":[{"start":{"line":6,"column":2},"end":{"line":12,"column":null}}]},"2":{"loc":{"start":{"line":14,"column":2},"end":{"line":16,"column":null}},"type":"binary-expr","locations":[{"start":{"line":14,"column":2},"end":{"line":14,"column":28}},{"start":{"line":15,"column":3},"end":{"line":16,"column":null}}]},"3":{"loc":{"start":{"line":21,"column":9},"end":{"line":28,"column":null}},"type":"switch","locations":[{"start":{"line":21,"column":9},"end":{"line":28,"column":null}},{"start":{"line":21,"column":2},"end":{"line":28,"column":null}}]},"4":{"loc":{"start":{"line":24,"column":4},"end":{"line":24,"column":101}},"type":"binary-expr","locations":[{"start":{"line":24,"column":4},"end":{"line":24,"column":30}},{"start":{"line":24,"column":34},"end":{"line":24,"column":101}}]},"5":{"loc":{"start":{"line":32,"column":9},"end":{"line":37,"column":null}},"type":"switch","locations":[{"start":{"line":32,"column":9},"end":{"line":37,"column":null}},{"start":{"line":32,"column":2},"end":{"line":37,"column":null}}]},"6":{"loc":{"start":{"line":43,"column":23},"end":{"line":43,"column":null}},"type":"if","locations":[{"start":{"line":43,"column":23},"end":{"line":43,"column":null}}]}},"s":{"0":2,"1":2,"2":2,"3":2,"4":4,"5":0,"6":2,"7":2,"8":2,"9":2,"10":2,"11":0,"12":2,"13":2,"14":0,"15":0,"16":0,"17":2,"18":12,"19":12,"20":12,"21":12,"22":12,"23":12,"24":24,"25":2,"26":0,"27":2,"28":2},"f":{"0":4,"1":2,"2":2,"3":0,"4":2,"5":2,"6":0,"7":0,"8":0,"9":12,"10":0},"b":{"0":[2,0],"1":[2],"2":[2,0],"3":[2,2],"4":[2,0],"5":[0,0],"6":[0]}}
,"F:\\0-PROJETOS\\vortx\\backend\\src\\database\\migrations\\1635860833308-Tarifas_CreateTable.ts": {"path":"F:\\0-PROJETOS\\vortx\\backend\\src\\database\\migrations\\1635860833308-Tarifas_CreateTable.ts","statementMap":{"0":{"start":{"line":1,"column":0},"end":{"line":1,"column":64}},"1":{"start":{"line":3,"column":0},"end":{"line":3,"column":13}},"2":{"start":{"line":4,"column":14},"end":{"line":43,"column":null}},"3":{"start":{"line":5,"column":2},"end":{"line":42,"column":null}},"4":{"start":{"line":45,"column":14},"end":{"line":47,"column":null}},"5":{"start":{"line":46,"column":2},"end":{"line":46,"column":null}},"6":{"start":{"line":48,"column":0},"end":{"line":48,"column":null}},"7":{"start":{"line":3,"column":13},"end":{"line":3,"column":44}}},"fnMap":{"0":{"name":"(anonymous_13)","decl":{"start":{"line":3,"column":0},"end":{"line":3,"column":13}},"loc":{"start":{"line":3,"column":0},"end":{"line":48,"column":null}}},"1":{"name":"(anonymous_15)","decl":{"start":{"line":4,"column":1},"end":{"line":4,"column":14}},"loc":{"start":{"line":4,"column":41},"end":{"line":43,"column":null}}},"2":{"name":"(anonymous_18)","decl":{"start":{"line":45,"column":1},"end":{"line":45,"column":14}},"loc":{"start":{"line":45,"column":43},"end":{"line":47,"column":null}}}},"branchMap":{"0":{"loc":{"start":{"line":5,"column":2},"end":{"line":42,"column":null}},"type":"switch","locations":[{"start":{"line":5,"column":2},"end":{"line":42,"column":null}}]},"1":{"loc":{"start":{"line":46,"column":2},"end":{"line":46,"column":null}},"type":"switch","locations":[{"start":{"line":46,"column":2},"end":{"line":46,"column":null}}]}},"s":{"0":2,"1":2,"2":2,"3":0,"4":2,"5":0,"6":2,"7":2},"f":{"0":4,"1":0,"2":0},"b":{"0":[0],"1":[0]}}
,"F:\\0-PROJETOS\\vortx\\backend\\src\\database\\migrations\\1635861651517-Planos_CreateTable.ts": {"path":"F:\\0-PROJETOS\\vortx\\backend\\src\\database\\migrations\\1635861651517-Planos_CreateTable.ts","statementMap":{"0":{"start":{"line":1,"column":0},"end":{"line":1,"column":64}},"1":{"start":{"line":3,"column":0},"end":{"line":3,"column":13}},"2":{"start":{"line":4,"column":14},"end":{"line":39,"column":null}},"3":{"start":{"line":5,"column":2},"end":{"line":38,"column":null}},"4":{"start":{"line":41,"column":14},"end":{"line":43,"column":null}},"5":{"start":{"line":42,"column":2},"end":{"line":42,"column":null}},"6":{"start":{"line":44,"column":0},"end":{"line":44,"column":null}},"7":{"start":{"line":3,"column":13},"end":{"line":3,"column":43}}},"fnMap":{"0":{"name":"(anonymous_13)","decl":{"start":{"line":3,"column":0},"end":{"line":3,"column":13}},"loc":{"start":{"line":3,"column":0},"end":{"line":44,"column":null}}},"1":{"name":"(anonymous_15)","decl":{"start":{"line":4,"column":1},"end":{"line":4,"column":14}},"loc":{"start":{"line":4,"column":41},"end":{"line":39,"column":null}}},"2":{"name":"(anonymous_18)","decl":{"start":{"line":41,"column":1},"end":{"line":41,"column":14}},"loc":{"start":{"line":41,"column":43},"end":{"line":43,"column":null}}}},"branchMap":{"0":{"loc":{"start":{"line":5,"column":2},"end":{"line":38,"column":null}},"type":"switch","locations":[{"start":{"line":5,"column":2},"end":{"line":38,"column":null}}]},"1":{"loc":{"start":{"line":42,"column":2},"end":{"line":42,"column":null}},"type":"switch","locations":[{"start":{"line":42,"column":2},"end":{"line":42,"column":null}}]}},"s":{"0":2,"1":2,"2":2,"3":0,"4":2,"5":0,"6":2,"7":2},"f":{"0":4,"1":0,"2":0},"b":{"0":[0],"1":[0]}}
}
