TN:
SF:ormconfig.ts
FNF:0
FNH:0
DA:1,2
DA:4,2
LF:2
LH:2
BRDA:6,0,0,2
BRDA:6,0,1,0
BRF:2
BRH:1
end_of_record
TN:
SF:src\api\models\planosModels.ts
FN:5,(anonymous_2)
FNF:1
FNH:1
FNDA:4,(anonymous_2)
DA:1,2
DA:2,2
DA:5,2
DA:7,2
DA:12,2
DA:17,2
DA:21,2
DA:24,2
DA:27,2
DA:28,2
LF:10
LH:10
BRF:0
BRH:0
end_of_record
TN:
SF:src\api\models\tarifasModels.ts
FN:5,(anonymous_2)
FNF:1
FNH:1
FNDA:4,(anonymous_2)
DA:1,2
DA:2,2
DA:5,2
DA:7,2
DA:12,2
DA:17,2
DA:22,2
DA:26,2
DA:29,2
DA:32,2
DA:33,2
LF:11
LH:11
BRF:0
BRH:0
end_of_record
TN:
SF:src\database\index.ts
FN:3,(anonymous_13)
FN:5,(anonymous_15)
FN:7,(anonymous_18)
FN:10,(anonymous_19)
FN:20,(anonymous_20)
FN:23,(anonymous_23)
FN:26,(anonymous_24)
FN:31,(anonymous_25)
FN:35,(anonymous_28)
FN:40,(anonymous_29)
FN:50,(anonymous_32)
FNF:11
FNH:6
FNDA:4,(anonymous_13)
FNDA:2,(anonymous_15)
FNDA:2,(anonymous_18)
FNDA:0,(anonymous_19)
FNDA:2,(anonymous_20)
FNDA:2,(anonymous_23)
FNDA:0,(anonymous_24)
FNDA:0,(anonymous_25)
FNDA:0,(anonymous_28)
FNDA:12,(anonymous_29)
FNDA:0,(anonymous_32)
DA:1,2
DA:3,2
DA:4,2
DA:5,2
DA:6,4
DA:11,0
DA:13,2
DA:14,2
DA:20,2
DA:21,2
DA:24,2
DA:27,0
DA:31,2
DA:32,0
DA:36,0
DA:40,2
DA:41,12
DA:43,12
DA:44,12
DA:46,24
DA:50,2
DA:51,0
DA:53,2
DA:55,2
LF:24
LH:19
BRDA:4,0,0,2
BRDA:4,0,1,0
BRDA:6,1,0,2
BRDA:14,2,0,2
BRDA:14,2,1,0
BRDA:21,3,0,2
BRDA:21,3,1,2
BRDA:24,4,0,2
BRDA:24,4,1,0
BRDA:32,5,0,0
BRDA:32,5,1,0
BRDA:43,6,0,0
BRF:12
BRH:6
end_of_record
TN:
SF:src\database\migrations\1635860833308-Tarifas_CreateTable.ts
FN:3,(anonymous_13)
FN:4,(anonymous_15)
FN:45,(anonymous_18)
FNF:3
FNH:1
FNDA:4,(anonymous_13)
FNDA:0,(anonymous_15)
FNDA:0,(anonymous_18)
DA:1,2
DA:3,2
DA:4,2
DA:5,0
DA:45,2
DA:46,0
DA:48,2
LF:7
LH:5
BRDA:5,0,0,0
BRDA:46,1,0,0
BRF:2
BRH:0
end_of_record
TN:
SF:src\database\migrations\1635861651517-Planos_CreateTable.ts
FN:3,(anonymous_13)
FN:4,(anonymous_15)
FN:41,(anonymous_18)
FNF:3
FNH:1
FNDA:4,(anonymous_13)
FNDA:0,(anonymous_15)
FNDA:0,(anonymous_18)
DA:1,2
DA:3,2
DA:4,2
DA:5,0
DA:41,2
DA:42,0
DA:44,2
LF:7
LH:5
BRDA:5,0,0,0
BRDA:42,1,0,0
BRF:2
BRH:0
end_of_record
